c:\gitproject\tankwar\tankwar\debug\vc142.pdb
c:\gitproject\tankwar\tankwar\debug\vc142.idb
c:\gitproject\tankwar\tankwar\debug\main.obj
c:\gitproject\tankwar\tankwar\debug\class_unit.obj
c:\gitproject\tankwar\tankwar\debug\class_timer.obj
c:\gitproject\tankwar\tankwar\debug\class_tank.obj
c:\gitproject\tankwar\tankwar\debug\class_player.obj
c:\gitproject\tankwar\tankwar\debug\class_map.obj
c:\gitproject\tankwar\tankwar\debug\class_gamewindow.obj
c:\gitproject\tankwar\tankwar\debug\class_gamepic.obj
c:\gitproject\tankwar\tankwar\debug\class_bullet.obj
c:\gitproject\tankwar\debug\tankwar.ilk
c:\gitproject\tankwar\debug\tankwar.exe
c:\gitproject\tankwar\debug\tankwar.pdb
c:\gitproject\tankwar\tankwar\debug\bilibili牛b闪闪坦克大战.res
c:\gitproject\tankwar\tankwar\debug\tankwar.tlog\cl.command.1.tlog
c:\gitproject\tankwar\tankwar\debug\tankwar.tlog\cl.read.1.tlog
c:\gitproject\tankwar\tankwar\debug\tankwar.tlog\cl.write.1.tlog
c:\gitproject\tankwar\tankwar\debug\tankwar.tlog\link.command.1.tlog
c:\gitproject\tankwar\tankwar\debug\tankwar.tlog\link.read.1.tlog
c:\gitproject\tankwar\tankwar\debug\tankwar.tlog\link.write.1.tlog
c:\gitproject\tankwar\tankwar\debug\tankwar.tlog\rc.command.1.tlog
c:\gitproject\tankwar\tankwar\debug\tankwar.tlog\rc.read.1.tlog
c:\gitproject\tankwar\tankwar\debug\tankwar.tlog\rc.write.1.tlog
