  Class_Map.cpp
C:\GitProject\TankWar\TankWar\Class_Map.cpp(146,16): error C2679: 二进制“=”: 没有找到接受“TCHAR [260]”类型的右操作数的运算符(或没有可接受的转换)
C:\Program Files (x86)\Microsoft Visual Studio\2019\Community\VC\Tools\MSVC\14.23.28105\include\xstring(2680,19): message : 可能是“std::basic_string<wchar_t,std::char_traits<wchar_t>,std::allocator<wchar_t>> &std::basic_string<wchar_t,std::char_traits<wchar_t>,std::allocator<wchar_t>>::operator =(const _Elem)”
C:\Program Files (x86)\Microsoft Visual Studio\2019\Community\VC\Tools\MSVC\14.23.28105\include\xstring(2680,19): message :         with
C:\Program Files (x86)\Microsoft Visual Studio\2019\Community\VC\Tools\MSVC\14.23.28105\include\xstring(2680,19): message :         [
C:\Program Files (x86)\Microsoft Visual Studio\2019\Community\VC\Tools\MSVC\14.23.28105\include\xstring(2680,19): message :             _Elem=wchar_t
C:\Program Files (x86)\Microsoft Visual Studio\2019\Community\VC\Tools\MSVC\14.23.28105\include\xstring(2680,19): message :         ]
C:\Program Files (x86)\Microsoft Visual Studio\2019\Community\VC\Tools\MSVC\14.23.28105\include\xstring(2676,19): message : 或    “std::basic_string<wchar_t,std::char_traits<wchar_t>,std::allocator<wchar_t>> &std::basic_string<wchar_t,std::char_traits<wchar_t>,std::allocator<wchar_t>>::operator =(const _Elem *const )”
C:\Program Files (x86)\Microsoft Visual Studio\2019\Community\VC\Tools\MSVC\14.23.28105\include\xstring(2676,19): message :         with
C:\Program Files (x86)\Microsoft Visual Studio\2019\Community\VC\Tools\MSVC\14.23.28105\include\xstring(2676,19): message :         [
C:\Program Files (x86)\Microsoft Visual Studio\2019\Community\VC\Tools\MSVC\14.23.28105\include\xstring(2676,19): message :             _Elem=wchar_t
C:\Program Files (x86)\Microsoft Visual Studio\2019\Community\VC\Tools\MSVC\14.23.28105\include\xstring(2676,19): message :         ]
C:\Program Files (x86)\Microsoft Visual Studio\2019\Community\VC\Tools\MSVC\14.23.28105\include\xstring(2661,19): message : 或    “std::basic_string<wchar_t,std::char_traits<wchar_t>,std::allocator<wchar_t>> &std::basic_string<wchar_t,std::char_traits<wchar_t>,std::allocator<wchar_t>>::operator =(const std::basic_string<wchar_t,std::char_traits<wchar_t>,std::allocator<wchar_t>> &)”
C:\Program Files (x86)\Microsoft Visual Studio\2019\Community\VC\Tools\MSVC\14.23.28105\include\xstring(2560,19): message : 或    “std::basic_string<wchar_t,std::char_traits<wchar_t>,std::allocator<wchar_t>> &std::basic_string<wchar_t,std::char_traits<wchar_t>,std::allocator<wchar_t>>::operator =(std::initializer_list<_Elem>)”
C:\Program Files (x86)\Microsoft Visual Studio\2019\Community\VC\Tools\MSVC\14.23.28105\include\xstring(2560,19): message :         with
C:\Program Files (x86)\Microsoft Visual Studio\2019\Community\VC\Tools\MSVC\14.23.28105\include\xstring(2560,19): message :         [
C:\Program Files (x86)\Microsoft Visual Studio\2019\Community\VC\Tools\MSVC\14.23.28105\include\xstring(2560,19): message :             _Elem=wchar_t
C:\Program Files (x86)\Microsoft Visual Studio\2019\Community\VC\Tools\MSVC\14.23.28105\include\xstring(2560,19): message :         ]
C:\Program Files (x86)\Microsoft Visual Studio\2019\Community\VC\Tools\MSVC\14.23.28105\include\xstring(2459,19): message : 或    “std::basic_string<wchar_t,std::char_traits<wchar_t>,std::allocator<wchar_t>> &std::basic_string<wchar_t,std::char_traits<wchar_t>,std::allocator<wchar_t>>::operator =(std::basic_string<wchar_t,std::char_traits<wchar_t>,std::allocator<wchar_t>> &&) noexcept(<expr>)”
C:\GitProject\TankWar\TankWar\Class_Map.cpp(146,16): message : 尝试匹配参数列表“(std::wstring, TCHAR [260])”时
C:\GitProject\TankWar\TankWar\Class_Map.cpp(139,1): error C4996: 'strcat': This function or variable may be unsafe. Consider using strcat_s instead. To disable deprecation, use _CRT_SECURE_NO_WARNINGS. See online help for details.
C:\Program Files (x86)\Windows Kits\10\Include\10.0.18362.0\ucrt\string.h(90): message : 参见“strcat”的声明
